Determining if the pthread_create exist failed with the following output:
Change Dir: /home/kyun/rosplayground/build/CMakeFiles/CMakeTmp

Run Build Command:"/usr/bin/make" "cmTC_df139/fast"
/usr/bin/make -f CMakeFiles/cmTC_df139.dir/build.make CMakeFiles/cmTC_df139.dir/build
make[1]: ディレクトリ '/home/kyun/rosplayground/build/CMakeFiles/CMakeTmp' に入ります
Building C object CMakeFiles/cmTC_df139.dir/CheckSymbolExists.c.o
/usr/bin/cc     -o CMakeFiles/cmTC_df139.dir/CheckSymbolExists.c.o   -c /home/kyun/rosplayground/build/CMakeFiles/CMakeTmp/CheckSymbolExists.c
Linking C executable cmTC_df139
/usr/bin/cmake -E cmake_link_script CMakeFiles/cmTC_df139.dir/link.txt --verbose=1
/usr/bin/cc       CMakeFiles/cmTC_df139.dir/CheckSymbolExists.c.o  -o cmTC_df139 -rdynamic 
CMakeFiles/cmTC_df139.dir/CheckSymbolExists.c.o: 関数 `main' 内:
CheckSymbolExists.c:(.text+0x16): `pthread_create' に対する定義されていない参照です
collect2: error: ld returned 1 exit status
CMakeFiles/cmTC_df139.dir/build.make:97: ターゲット 'cmTC_df139' のレシピで失敗しました
make[1]: *** [cmTC_df139] エラー 1
make[1]: ディレクトリ '/home/kyun/rosplayground/build/CMakeFiles/CMakeTmp' から出ます
Makefile:126: ターゲット 'cmTC_df139/fast' のレシピで失敗しました
make: *** [cmTC_df139/fast] エラー 2

File /home/kyun/rosplayground/build/CMakeFiles/CMakeTmp/CheckSymbolExists.c:
/* */
#include <pthread.h>

int main(int argc, char** argv)
{
  (void)argv;
#ifndef pthread_create
  return ((int*)(&pthread_create))[argc];
#else
  (void)argc;
  return 0;
#endif
}

Determining if the function pthread_create exists in the pthreads failed with the following output:
Change Dir: /home/kyun/rosplayground/build/CMakeFiles/CMakeTmp

Run Build Command:"/usr/bin/make" "cmTC_6aa16/fast"
/usr/bin/make -f CMakeFiles/cmTC_6aa16.dir/build.make CMakeFiles/cmTC_6aa16.dir/build
make[1]: ディレクトリ '/home/kyun/rosplayground/build/CMakeFiles/CMakeTmp' に入ります
Building C object CMakeFiles/cmTC_6aa16.dir/CheckFunctionExists.c.o
/usr/bin/cc    -DCHECK_FUNCTION_EXISTS=pthread_create   -o CMakeFiles/cmTC_6aa16.dir/CheckFunctionExists.c.o   -c /usr/share/cmake-3.5/Modules/CheckFunctionExists.c
Linking C executable cmTC_6aa16
/usr/bin/cmake -E cmake_link_script CMakeFiles/cmTC_6aa16.dir/link.txt --verbose=1
/usr/bin/cc   -DCHECK_FUNCTION_EXISTS=pthread_create    CMakeFiles/cmTC_6aa16.dir/CheckFunctionExists.c.o  -o cmTC_6aa16 -rdynamic -lpthreads 
/usr/bin/ld: -lpthreads が見つかりません
collect2: error: ld returned 1 exit status
CMakeFiles/cmTC_6aa16.dir/build.make:97: ターゲット 'cmTC_6aa16' のレシピで失敗しました
make[1]: *** [cmTC_6aa16] エラー 1
make[1]: ディレクトリ '/home/kyun/rosplayground/build/CMakeFiles/CMakeTmp' から出ます
Makefile:126: ターゲット 'cmTC_6aa16/fast' のレシピで失敗しました
make: *** [cmTC_6aa16/fast] エラー 2


